\BOOKMARK [0][-]{chapter.1}{\376\377\0001\000\040\000N\000a\000m\000e\000s\000p\000a\000c\000e\000\040\000I\000n\000d\000e\000x}{}% 1
\BOOKMARK [1][-]{section.1.1}{\376\377\0001\000.\0001\000\040\000P\000a\000c\000k\000a\000g\000e\000s}{chapter.1}% 2
\BOOKMARK [0][-]{chapter.2}{\376\377\0002\000\040\000C\000l\000a\000s\000s\000\040\000I\000n\000d\000e\000x}{}% 3
\BOOKMARK [1][-]{section.2.1}{\376\377\0002\000.\0001\000\040\000C\000l\000a\000s\000s\000\040\000L\000i\000s\000t}{chapter.2}% 4
\BOOKMARK [0][-]{chapter.3}{\376\377\0003\000\040\000F\000i\000l\000e\000\040\000I\000n\000d\000e\000x}{}% 5
\BOOKMARK [1][-]{section.3.1}{\376\377\0003\000.\0001\000\040\000F\000i\000l\000e\000\040\000L\000i\000s\000t}{chapter.3}% 6
\BOOKMARK [0][-]{chapter.4}{\376\377\0004\000\040\000N\000a\000m\000e\000s\000p\000a\000c\000e\000\040\000D\000o\000c\000u\000m\000e\000n\000t\000a\000t\000i\000o\000n}{}% 7
\BOOKMARK [1][-]{section.4.1}{\376\377\0004\000.\0001\000\040\000B\000a\000s\000i\000c\000T\000r\000a\000c\000k\000e\000r\000\040\000N\000a\000m\000e\000s\000p\000a\000c\000e\000\040\000R\000e\000f\000e\000r\000e\000n\000c\000e}{chapter.4}% 8
\BOOKMARK [2][-]{subsection.4.1.1}{\376\377\0004\000.\0001\000.\0001\000\040\000D\000e\000t\000a\000i\000l\000e\000d\000\040\000D\000e\000s\000c\000r\000i\000p\000t\000i\000o\000n}{section.4.1}% 9
\BOOKMARK [0][-]{chapter.5}{\376\377\0005\000\040\000C\000l\000a\000s\000s\000\040\000D\000o\000c\000u\000m\000e\000n\000t\000a\000t\000i\000o\000n}{}% 10
\BOOKMARK [1][-]{section.5.1}{\376\377\0005\000.\0001\000\040\000B\000a\000s\000i\000c\000T\000r\000a\000c\000k\000e\000r\000.\000A\000u\000d\000i\000o\000S\000u\000b\000s\000y\000s\000t\000e\000m\000\040\000C\000l\000a\000s\000s\000\040\000R\000e\000f\000e\000r\000e\000n\000c\000e}{chapter.5}% 11
\BOOKMARK [2][-]{subsection.5.1.1}{\376\377\0005\000.\0001\000.\0001\000\040\000C\000o\000n\000s\000t\000r\000u\000c\000t\000o\000r\000\040\000\046\000\040\000D\000e\000s\000t\000r\000u\000c\000t\000o\000r\000\040\000D\000o\000c\000u\000m\000e\000n\000t\000a\000t\000i\000o\000n}{section.5.1}% 12
\BOOKMARK [3][-]{subsubsection.5.1.1.1}{\376\377\0005\000.\0001\000.\0001\000.\0001\000\040\000A\000u\000d\000i\000o\000S\000u\000b\000s\000y\000s\000t\000e\000m\000\050\000\051}{subsection.5.1.1}% 13
\BOOKMARK [2][-]{subsection.5.1.2}{\376\377\0005\000.\0001\000.\0002\000\040\000M\000e\000m\000b\000e\000r\000\040\000F\000u\000n\000c\000t\000i\000o\000n\000\040\000D\000o\000c\000u\000m\000e\000n\000t\000a\000t\000i\000o\000n}{section.5.1}% 14
\BOOKMARK [3][-]{subsubsection.5.1.2.1}{\376\377\0005\000.\0001\000.\0002\000.\0001\000\040\000T\000i\000c\000k\000\050\000\051}{subsection.5.1.2}% 15
\BOOKMARK [1][-]{section.5.2}{\376\377\0005\000.\0002\000\040\000B\000a\000s\000i\000c\000T\000r\000a\000c\000k\000e\000r\000.\000C\000h\000a\000n\000n\000e\000l\000\040\000C\000l\000a\000s\000s\000\040\000R\000e\000f\000e\000r\000e\000n\000c\000e}{chapter.5}% 16
\BOOKMARK [2][-]{subsection.5.2.1}{\376\377\0005\000.\0002\000.\0001\000\040\000M\000e\000m\000b\000e\000r\000\040\000D\000a\000t\000a\000\040\000D\000o\000c\000u\000m\000e\000n\000t\000a\000t\000i\000o\000n}{section.5.2}% 17
\BOOKMARK [3][-]{subsubsection.5.2.1.1}{\376\377\0005\000.\0002\000.\0001\000.\0001\000\040\000n\000o\000t\000e\000s}{subsection.5.2.1}% 18
\BOOKMARK [1][-]{section.5.3}{\376\377\0005\000.\0003\000\040\000B\000a\000s\000i\000c\000T\000r\000a\000c\000k\000e\000r\000.\000C\000o\000n\000s\000o\000l\000e\000x\000\040\000C\000l\000a\000s\000s\000\040\000R\000e\000f\000e\000r\000e\000n\000c\000e}{chapter.5}% 19
\BOOKMARK [2][-]{subsection.5.3.1}{\376\377\0005\000.\0003\000.\0001\000\040\000D\000e\000t\000a\000i\000l\000e\000d\000\040\000D\000e\000s\000c\000r\000i\000p\000t\000i\000o\000n}{section.5.3}% 20
\BOOKMARK [2][-]{subsection.5.3.2}{\376\377\0005\000.\0003\000.\0002\000\040\000C\000o\000n\000s\000t\000r\000u\000c\000t\000o\000r\000\040\000\046\000\040\000D\000e\000s\000t\000r\000u\000c\000t\000o\000r\000\040\000D\000o\000c\000u\000m\000e\000n\000t\000a\000t\000i\000o\000n}{section.5.3}% 21
\BOOKMARK [3][-]{subsubsection.5.3.2.1}{\376\377\0005\000.\0003\000.\0002\000.\0001\000\040\000C\000o\000n\000s\000o\000l\000e\000x\000\050\000\051}{subsection.5.3.2}% 22
\BOOKMARK [2][-]{subsection.5.3.3}{\376\377\0005\000.\0003\000.\0003\000\040\000M\000e\000m\000b\000e\000r\000\040\000F\000u\000n\000c\000t\000i\000o\000n\000\040\000D\000o\000c\000u\000m\000e\000n\000t\000a\000t\000i\000o\000n}{section.5.3}% 23
\BOOKMARK [3][-]{subsubsection.5.3.3.1}{\376\377\0005\000.\0003\000.\0003\000.\0001\000\040\000D\000e\000l\000e\000t\000e\000M\000e\000n\000u\000\050\000\051}{subsection.5.3.3}% 24
\BOOKMARK [3][-]{subsubsection.5.3.3.2}{\376\377\0005\000.\0003\000.\0003\000.\0002\000\040\000G\000e\000t\000C\000o\000n\000s\000o\000l\000e\000W\000i\000n\000d\000o\000w\000\050\000\051}{subsection.5.3.3}% 25
\BOOKMARK [3][-]{subsubsection.5.3.3.3}{\376\377\0005\000.\0003\000.\0003\000.\0003\000\040\000G\000e\000t\000K\000e\000y\000\050\000\051}{subsection.5.3.3}% 26
\BOOKMARK [3][-]{subsubsection.5.3.3.4}{\376\377\0005\000.\0003\000.\0003\000.\0004\000\040\000G\000e\000t\000S\000y\000s\000t\000e\000m\000M\000e\000n\000u\000\050\000\051}{subsection.5.3.3}% 27
\BOOKMARK [3][-]{subsubsection.5.3.3.5}{\376\377\0005\000.\0003\000.\0003\000.\0005\000\040\000h\000a\000n\000d\000l\000e\000M\000o\000v\000e\000m\000e\000n\000t\000\050\000\051}{subsection.5.3.3}% 28
\BOOKMARK [3][-]{subsubsection.5.3.3.6}{\376\377\0005\000.\0003\000.\0003\000.\0006\000\040\000R\000e\000f\000r\000e\000s\000h\000K\000e\000y\000s\000\050\000\051}{subsection.5.3.3}% 29
\BOOKMARK [2][-]{subsection.5.3.4}{\376\377\0005\000.\0003\000.\0004\000\040\000M\000e\000m\000b\000e\000r\000\040\000D\000a\000t\000a\000\040\000D\000o\000c\000u\000m\000e\000n\000t\000a\000t\000i\000o\000n}{section.5.3}% 30
\BOOKMARK [3][-]{subsubsection.5.3.4.1}{\376\377\0005\000.\0003\000.\0004\000.\0001\000\040\000l\000a\000s\000t\000k\000e\000y}{subsection.5.3.4}% 31
\BOOKMARK [2][-]{subsection.5.3.5}{\376\377\0005\000.\0003\000.\0005\000\040\000P\000r\000o\000p\000e\000r\000t\000y\000\040\000D\000o\000c\000u\000m\000e\000n\000t\000a\000t\000i\000o\000n}{section.5.3}% 32
\BOOKMARK [3][-]{subsubsection.5.3.5.1}{\376\377\0005\000.\0003\000.\0005\000.\0001\000\040\000a\000l\000t}{subsection.5.3.5}% 33
\BOOKMARK [3][-]{subsubsection.5.3.5.2}{\376\377\0005\000.\0003\000.\0005\000.\0002\000\040\000c\000o\000n\000t\000r\000o\000l}{subsection.5.3.5}% 34
\BOOKMARK [3][-]{subsubsection.5.3.5.3}{\376\377\0005\000.\0003\000.\0005\000.\0003\000\040\000s\000h\000i\000f\000t}{subsection.5.3.5}% 35
\BOOKMARK [1][-]{section.5.4}{\376\377\0005\000.\0004\000\040\000B\000a\000s\000i\000c\000T\000r\000a\000c\000k\000e\000r\000.\000e\000f\000f\000e\000c\000t\000P\000a\000r\000a\000m\000e\000t\000e\000r\000\040\000S\000t\000r\000u\000c\000t\000\040\000R\000e\000f\000e\000r\000e\000n\000c\000e}{chapter.5}% 36
\BOOKMARK [2][-]{subsection.5.4.1}{\376\377\0005\000.\0004\000.\0001\000\040\000M\000e\000m\000b\000e\000r\000\040\000E\000n\000u\000m\000e\000r\000a\000t\000i\000o\000n\000\040\000D\000o\000c\000u\000m\000e\000n\000t\000a\000t\000i\000o\000n}{section.5.4}% 37
\BOOKMARK [3][-]{subsubsection.5.4.1.1}{\376\377\0005\000.\0004\000.\0001\000.\0001\000\040\000T\000y\000p\000e}{subsection.5.4.1}% 38
\BOOKMARK [2][-]{subsection.5.4.2}{\376\377\0005\000.\0004\000.\0002\000\040\000M\000e\000m\000b\000e\000r\000\040\000D\000a\000t\000a\000\040\000D\000o\000c\000u\000m\000e\000n\000t\000a\000t\000i\000o\000n}{section.5.4}% 39
\BOOKMARK [3][-]{subsubsection.5.4.2.1}{\376\377\0005\000.\0004\000.\0002\000.\0001\000\040\000t\000y\000p\000e}{subsection.5.4.2}% 40
\BOOKMARK [3][-]{subsubsection.5.4.2.2}{\376\377\0005\000.\0004\000.\0002\000.\0002\000\040\000v\000a\000l\000u\000e}{subsection.5.4.2}% 41
\BOOKMARK [1][-]{section.5.5}{\376\377\0005\000.\0005\000\040\000B\000a\000s\000i\000c\000T\000r\000a\000c\000k\000e\000r\000.\000G\000\040\000C\000l\000a\000s\000s\000\040\000R\000e\000f\000e\000r\000e\000n\000c\000e}{chapter.5}% 42
\BOOKMARK [2][-]{subsection.5.5.1}{\376\377\0005\000.\0005\000.\0001\000\040\000D\000e\000t\000a\000i\000l\000e\000d\000\040\000D\000e\000s\000c\000r\000i\000p\000t\000i\000o\000n}{section.5.5}% 43
\BOOKMARK [2][-]{subsection.5.5.2}{\376\377\0005\000.\0005\000.\0002\000\040\000M\000e\000m\000b\000e\000r\000\040\000D\000a\000t\000a\000\040\000D\000o\000c\000u\000m\000e\000n\000t\000a\000t\000i\000o\000n}{section.5.5}% 44
\BOOKMARK [3][-]{subsubsection.5.5.2.1}{\376\377\0005\000.\0005\000.\0002\000.\0001\000\040\000c\000h\000a\000n\000n\000e\000l\000s}{subsection.5.5.2}% 45
\BOOKMARK [3][-]{subsubsection.5.5.2.2}{\376\377\0005\000.\0005\000.\0002\000.\0002\000\040\000d\000e\000f\000a\000u\000l\000t\000B\000a\000r}{subsection.5.5.2}% 46
\BOOKMARK [3][-]{subsubsection.5.5.2.3}{\376\377\0005\000.\0005\000.\0002\000.\0003\000\040\000d\000e\000p\000t\000h}{subsection.5.5.2}% 47
\BOOKMARK [3][-]{subsubsection.5.5.2.4}{\376\377\0005\000.\0005\000.\0002\000.\0004\000\040\000h\000e\000a\000d\000e\000r}{subsection.5.5.2}% 48
\BOOKMARK [3][-]{subsubsection.5.5.2.5}{\376\377\0005\000.\0005\000.\0002\000.\0005\000\040\000H\000m\000o\000v\000e}{subsection.5.5.2}% 49
\BOOKMARK [3][-]{subsubsection.5.5.2.6}{\376\377\0005\000.\0005\000.\0002\000.\0006\000\040\000M\000F\000\137\000B\000Y\000C\000O\000M\000M\000A\000N\000D}{subsection.5.5.2}% 50
\BOOKMARK [3][-]{subsubsection.5.5.2.7}{\376\377\0005\000.\0005\000.\0002\000.\0007\000\040\000S\000C\000\137\000C\000L\000O\000S\000E}{subsection.5.5.2}% 51
\BOOKMARK [3][-]{subsubsection.5.5.2.8}{\376\377\0005\000.\0005\000.\0002\000.\0008\000\040\000S\000C\000\137\000M\000A\000X\000I\000M\000I\000Z\000E}{subsection.5.5.2}% 52
\BOOKMARK [3][-]{subsubsection.5.5.2.9}{\376\377\0005\000.\0005\000.\0002\000.\0009\000\040\000S\000C\000\137\000M\000I\000N\000I\000M\000I\000Z\000E}{subsection.5.5.2}% 53
\BOOKMARK [3][-]{subsubsection.5.5.2.10}{\376\377\0005\000.\0005\000.\0002\000.\0001\0000\000\040\000S\000C\000\137\000S\000I\000Z\000E}{subsection.5.5.2}% 54
\BOOKMARK [3][-]{subsubsection.5.5.2.11}{\376\377\0005\000.\0005\000.\0002\000.\0001\0001\000\040\000s\000i\000g\000n\000a\000t\000u\000r\000e}{subsection.5.5.2}% 55
\BOOKMARK [3][-]{subsubsection.5.5.2.12}{\376\377\0005\000.\0005\000.\0002\000.\0001\0002\000\040\000v\000e\000r\000s\000i\000o\000n}{subsection.5.5.2}% 56
\BOOKMARK [3][-]{subsubsection.5.5.2.13}{\376\377\0005\000.\0005\000.\0002\000.\0001\0003\000\040\000V\000m\000o\000v\000e}{subsection.5.5.2}% 57
\BOOKMARK [3][-]{subsubsection.5.5.2.14}{\376\377\0005\000.\0005\000.\0002\000.\0001\0004\000\040\000w\000i\000d\000t\000h}{subsection.5.5.2}% 58
\BOOKMARK [1][-]{section.5.6}{\376\377\0005\000.\0006\000\040\000B\000a\000s\000i\000c\000T\000r\000a\000c\000k\000e\000r\000.\000M\000a\000i\000n\000W\000i\000n\000d\000o\000w\000\040\000C\000l\000a\000s\000s\000\040\000R\000e\000f\000e\000r\000e\000n\000c\000e}{chapter.5}% 59
\BOOKMARK [2][-]{subsection.5.6.1}{\376\377\0005\000.\0006\000.\0001\000\040\000C\000o\000n\000s\000t\000r\000u\000c\000t\000o\000r\000\040\000\046\000\040\000D\000e\000s\000t\000r\000u\000c\000t\000o\000r\000\040\000D\000o\000c\000u\000m\000e\000n\000t\000a\000t\000i\000o\000n}{section.5.6}% 60
\BOOKMARK [3][-]{subsubsection.5.6.1.1}{\376\377\0005\000.\0006\000.\0001\000.\0001\000\040\000M\000a\000i\000n\000W\000i\000n\000d\000o\000w\000\050\000\051}{subsection.5.6.1}% 61
\BOOKMARK [2][-]{subsection.5.6.2}{\376\377\0005\000.\0006\000.\0002\000\040\000M\000e\000m\000b\000e\000r\000\040\000F\000u\000n\000c\000t\000i\000o\000n\000\040\000D\000o\000c\000u\000m\000e\000n\000t\000a\000t\000i\000o\000n}{section.5.6}% 62
\BOOKMARK [3][-]{subsubsection.5.6.2.1}{\376\377\0005\000.\0006\000.\0002\000.\0001\000\040\000H\000a\000n\000d\000l\000e\000M\000o\000v\000e\000m\000e\000n\000t\000\050\000\051}{subsection.5.6.2}% 63
\BOOKMARK [2][-]{subsection.5.6.3}{\376\377\0005\000.\0006\000.\0003\000\040\000M\000e\000m\000b\000e\000r\000\040\000D\000a\000t\000a\000\040\000D\000o\000c\000u\000m\000e\000n\000t\000a\000t\000i\000o\000n}{section.5.6}% 64
\BOOKMARK [3][-]{subsubsection.5.6.3.1}{\376\377\0005\000.\0006\000.\0003\000.\0001\000\040\000s\000o\000n\000g}{subsection.5.6.3}% 65
\BOOKMARK [1][-]{section.5.7}{\376\377\0005\000.\0007\000\040\000B\000a\000s\000i\000c\000T\000r\000a\000c\000k\000e\000r\000.\000N\000o\000t\000e\000\040\000C\000l\000a\000s\000s\000\040\000R\000e\000f\000e\000r\000e\000n\000c\000e}{chapter.5}% 66
\BOOKMARK [2][-]{subsection.5.7.1}{\376\377\0005\000.\0007\000.\0001\000\040\000M\000e\000m\000b\000e\000r\000\040\000E\000n\000u\000m\000e\000r\000a\000t\000i\000o\000n\000\040\000D\000o\000c\000u\000m\000e\000n\000t\000a\000t\000i\000o\000n}{section.5.7}% 67
\BOOKMARK [3][-]{subsubsection.5.7.1.1}{\376\377\0005\000.\0007\000.\0001\000.\0001\000\040\000N}{subsection.5.7.1}% 68
\BOOKMARK [2][-]{subsection.5.7.2}{\376\377\0005\000.\0007\000.\0002\000\040\000M\000e\000m\000b\000e\000r\000\040\000F\000u\000n\000c\000t\000i\000o\000n\000\040\000D\000o\000c\000u\000m\000e\000n\000t\000a\000t\000i\000o\000n}{section.5.7}% 69
\BOOKMARK [3][-]{subsubsection.5.7.2.1}{\376\377\0005\000.\0007\000.\0002\000.\0001\000\040\000d\000e\000c\000o\000d\000e\000V\000o\000l\000u\000m\000e\000\050\000\051}{subsection.5.7.2}% 70
\BOOKMARK [2][-]{subsection.5.7.3}{\376\377\0005\000.\0007\000.\0003\000\040\000M\000e\000m\000b\000e\000r\000\040\000D\000a\000t\000a\000\040\000D\000o\000c\000u\000m\000e\000n\000t\000a\000t\000i\000o\000n}{section.5.7}% 71
\BOOKMARK [3][-]{subsubsection.5.7.3.1}{\376\377\0005\000.\0007\000.\0003\000.\0001\000\040\000e\000f\000f\000e\000c\000t}{subsection.5.7.3}% 72
\BOOKMARK [3][-]{subsubsection.5.7.3.2}{\376\377\0005\000.\0007\000.\0003\000.\0002\000\040\000i\000n\000s\000t\000r\000u\000m\000e\000n\000t}{subsection.5.7.3}% 73
\BOOKMARK [3][-]{subsubsection.5.7.3.3}{\376\377\0005\000.\0007\000.\0003\000.\0003\000\040\000v\000o\000l\000u\000m\000e}{subsection.5.7.3}% 74
\BOOKMARK [2][-]{subsection.5.7.4}{\376\377\0005\000.\0007\000.\0004\000\040\000P\000r\000o\000p\000e\000r\000t\000y\000\040\000D\000o\000c\000u\000m\000e\000n\000t\000a\000t\000i\000o\000n}{section.5.7}% 75
\BOOKMARK [3][-]{subsubsection.5.7.4.1}{\376\377\0005\000.\0007\000.\0004\000.\0001\000\040\000i\000n\000t\000e\000r\000n\000a\000l\000\137\000n\000o\000t\000e}{subsection.5.7.4}% 76
\BOOKMARK [3][-]{subsubsection.5.7.4.2}{\376\377\0005\000.\0007\000.\0004\000.\0002\000\040\000n\000o\000t\000e}{subsection.5.7.4}% 77
\BOOKMARK [3][-]{subsubsection.5.7.4.3}{\376\377\0005\000.\0007\000.\0004\000.\0003\000\040\000o\000c\000t\000a\000v\000e}{subsection.5.7.4}% 78
\BOOKMARK [1][-]{section.5.8}{\376\377\0005\000.\0008\000\040\000B\000a\000s\000i\000c\000T\000r\000a\000c\000k\000e\000r\000.\000P\000a\000t\000t\000e\000r\000n\000\040\000C\000l\000a\000s\000s\000\040\000R\000e\000f\000e\000r\000e\000n\000c\000e}{chapter.5}% 79
\BOOKMARK [2][-]{subsection.5.8.1}{\376\377\0005\000.\0008\000.\0001\000\040\000C\000o\000n\000s\000t\000r\000u\000c\000t\000o\000r\000\040\000\046\000\040\000D\000e\000s\000t\000r\000u\000c\000t\000o\000r\000\040\000D\000o\000c\000u\000m\000e\000n\000t\000a\000t\000i\000o\000n}{section.5.8}% 80
\BOOKMARK [3][-]{subsubsection.5.8.1.1}{\376\377\0005\000.\0008\000.\0001\000.\0001\000\040\000P\000a\000t\000t\000e\000r\000n\000\050\000\051}{subsection.5.8.1}% 81
\BOOKMARK [2][-]{subsection.5.8.2}{\376\377\0005\000.\0008\000.\0002\000\040\000M\000e\000m\000b\000e\000r\000\040\000D\000a\000t\000a\000\040\000D\000o\000c\000u\000m\000e\000n\000t\000a\000t\000i\000o\000n}{section.5.8}% 82
\BOOKMARK [3][-]{subsubsection.5.8.2.1}{\376\377\0005\000.\0008\000.\0002\000.\0001\000\040\000c\000h\000a\000n\000n\000e\000l\000s}{subsection.5.8.2}% 83
\BOOKMARK [1][-]{section.5.9}{\376\377\0005\000.\0009\000\040\000B\000a\000s\000i\000c\000T\000r\000a\000c\000k\000e\000r\000.\000P\000r\000o\000g\000r\000a\000m\000\040\000C\000l\000a\000s\000s\000\040\000R\000e\000f\000e\000r\000e\000n\000c\000e}{chapter.5}% 84
\BOOKMARK [2][-]{subsection.5.9.1}{\376\377\0005\000.\0009\000.\0001\000\040\000D\000e\000t\000a\000i\000l\000e\000d\000\040\000D\000e\000s\000c\000r\000i\000p\000t\000i\000o\000n}{section.5.9}% 85
\BOOKMARK [2][-]{subsection.5.9.2}{\376\377\0005\000.\0009\000.\0002\000\040\000M\000e\000m\000b\000e\000r\000\040\000F\000u\000n\000c\000t\000i\000o\000n\000\040\000D\000o\000c\000u\000m\000e\000n\000t\000a\000t\000i\000o\000n}{section.5.9}% 86
\BOOKMARK [3][-]{subsubsection.5.9.2.1}{\376\377\0005\000.\0009\000.\0002\000.\0001\000\040\000M\000a\000i\000n\000\050\000\051}{subsection.5.9.2}% 87
\BOOKMARK [1][-]{section.5.10}{\376\377\0005\000.\0001\0000\000\040\000B\000a\000s\000i\000c\000T\000r\000a\000c\000k\000e\000r\000.\000S\000o\000n\000g\000\040\000C\000l\000a\000s\000s\000\040\000R\000e\000f\000e\000r\000e\000n\000c\000e}{chapter.5}% 88
\BOOKMARK [2][-]{subsection.5.10.1}{\376\377\0005\000.\0001\0000\000.\0001\000\040\000C\000o\000n\000s\000t\000r\000u\000c\000t\000o\000r\000\040\000\046\000\040\000D\000e\000s\000t\000r\000u\000c\000t\000o\000r\000\040\000D\000o\000c\000u\000m\000e\000n\000t\000a\000t\000i\000o\000n}{section.5.10}% 89
\BOOKMARK [3][-]{subsubsection.5.10.1.1}{\376\377\0005\000.\0001\0000\000.\0001\000.\0001\000\040\000S\000o\000n\000g\000\050\000\051}{subsection.5.10.1}% 90
\BOOKMARK [2][-]{subsection.5.10.2}{\376\377\0005\000.\0001\0000\000.\0002\000\040\000M\000e\000m\000b\000e\000r\000\040\000F\000u\000n\000c\000t\000i\000o\000n\000\040\000D\000o\000c\000u\000m\000e\000n\000t\000a\000t\000i\000o\000n}{section.5.10}% 91
\BOOKMARK [3][-]{subsubsection.5.10.2.1}{\376\377\0005\000.\0001\0000\000.\0002\000.\0001\000\040\000d\000e\000c\000o\000d\000e\000P\000a\000t\000t\000e\000r\000n\000\050\000\051}{subsection.5.10.2}% 92
\BOOKMARK [3][-]{subsubsection.5.10.2.2}{\376\377\0005\000.\0001\0000\000.\0002\000.\0002\000\040\000l\000o\000a\000d\000f\000r\000o\000m\000f\000i\000l\000e\000\050\000\051}{subsection.5.10.2}% 93
\BOOKMARK [2][-]{subsection.5.10.3}{\376\377\0005\000.\0001\0000\000.\0003\000\040\000M\000e\000m\000b\000e\000r\000\040\000D\000a\000t\000a\000\040\000D\000o\000c\000u\000m\000e\000n\000t\000a\000t\000i\000o\000n}{section.5.10}% 94
\BOOKMARK [3][-]{subsubsection.5.10.3.1}{\376\377\0005\000.\0001\0000\000.\0003\000.\0001\000\040\000a\000u\000t\000h\000o\000r\000n\000a\000m\000e}{subsection.5.10.3}% 95
\BOOKMARK [3][-]{subsubsection.5.10.3.2}{\376\377\0005\000.\0001\0000\000.\0003\000.\0002\000\040\000c\000h\000a\000n\000P\000a\000n}{subsection.5.10.3}% 96
\BOOKMARK [3][-]{subsubsection.5.10.3.3}{\376\377\0005\000.\0001\0000\000.\0003\000.\0003\000\040\000c\000h\000a\000n\000V\000o\000l}{subsection.5.10.3}% 97
\BOOKMARK [3][-]{subsubsection.5.10.3.4}{\376\377\0005\000.\0001\0000\000.\0003\000.\0004\000\040\000c\000o\000m\000p\000a\000t\000i\000b\000l\000e\000V\000e\000r\000s\000i\000o\000n}{subsection.5.10.3}% 98
\BOOKMARK [3][-]{subsubsection.5.10.3.5}{\376\377\0005\000.\0001\0000\000.\0003\000.\0005\000\040\000c\000r\000e\000a\000t\000e\000d\000V\000e\000r\000s\000i\000o\000n}{subsection.5.10.3}% 99
\BOOKMARK [3][-]{subsubsection.5.10.3.6}{\376\377\0005\000.\0001\0000\000.\0003\000.\0006\000\040\000f\000l\000a\000g\000s}{subsection.5.10.3}% 100
\BOOKMARK [3][-]{subsubsection.5.10.3.7}{\376\377\0005\000.\0001\0000\000.\0003\000.\0007\000\040\000g\000l\000o\000b\000a\000l\000V\000o\000l}{subsection.5.10.3}% 101
\BOOKMARK [3][-]{subsubsection.5.10.3.8}{\376\377\0005\000.\0001\0000\000.\0003\000.\0008\000\040\000m\000i\000x\000V\000o\000l}{subsection.5.10.3}% 102
\BOOKMARK [3][-]{subsubsection.5.10.3.9}{\376\377\0005\000.\0001\0000\000.\0003\000.\0009\000\040\000o\000r\000d\000e\000r\000s}{subsection.5.10.3}% 103
\BOOKMARK [3][-]{subsubsection.5.10.3.10}{\376\377\0005\000.\0001\0000\000.\0003\000.\0001\0000\000\040\000p\000a\000t\000t\000e\000r\000n\000s}{subsection.5.10.3}% 104
\BOOKMARK [3][-]{subsubsection.5.10.3.11}{\376\377\0005\000.\0001\0000\000.\0003\000.\0001\0001\000\040\000s\000o\000n\000g\000n\000a\000m\000e}{subsection.5.10.3}% 105
\BOOKMARK [3][-]{subsubsection.5.10.3.12}{\376\377\0005\000.\0001\0000\000.\0003\000.\0001\0002\000\040\000s\000p\000e\000e\000d}{subsection.5.10.3}% 106
\BOOKMARK [3][-]{subsubsection.5.10.3.13}{\376\377\0005\000.\0001\0000\000.\0003\000.\0001\0003\000\040\000t\000e\000m\000p\000o}{subsection.5.10.3}% 107
\BOOKMARK [1][-]{section.5.11}{\376\377\0005\000.\0001\0001\000\040\000B\000a\000s\000i\000c\000T\000r\000a\000c\000k\000e\000r\000.\000v\000o\000l\000u\000m\000e\000P\000a\000r\000a\000m\000e\000t\000e\000r\000\040\000S\000t\000r\000u\000c\000t\000\040\000R\000e\000f\000e\000r\000e\000n\000c\000e}{chapter.5}% 108
\BOOKMARK [2][-]{subsection.5.11.1}{\376\377\0005\000.\0001\0001\000.\0001\000\040\000M\000e\000m\000b\000e\000r\000\040\000E\000n\000u\000m\000e\000r\000a\000t\000i\000o\000n\000\040\000D\000o\000c\000u\000m\000e\000n\000t\000a\000t\000i\000o\000n}{section.5.11}% 109
\BOOKMARK [3][-]{subsubsection.5.11.1.1}{\376\377\0005\000.\0001\0001\000.\0001\000.\0001\000\040\000T\000y\000p\000e}{subsection.5.11.1}% 110
\BOOKMARK [2][-]{subsection.5.11.2}{\376\377\0005\000.\0001\0001\000.\0002\000\040\000M\000e\000m\000b\000e\000r\000\040\000D\000a\000t\000a\000\040\000D\000o\000c\000u\000m\000e\000n\000t\000a\000t\000i\000o\000n}{section.5.11}% 111
\BOOKMARK [3][-]{subsubsection.5.11.2.1}{\376\377\0005\000.\0001\0001\000.\0002\000.\0001\000\040\000t\000y\000p\000e}{subsection.5.11.2}% 112
\BOOKMARK [3][-]{subsubsection.5.11.2.2}{\376\377\0005\000.\0001\0001\000.\0002\000.\0002\000\040\000v\000a\000l\000u\000e}{subsection.5.11.2}% 113
\BOOKMARK [0][-]{chapter.6}{\376\377\0006\000\040\000F\000i\000l\000e\000\040\000D\000o\000c\000u\000m\000e\000n\000t\000a\000t\000i\000o\000n}{}% 114
\BOOKMARK [1][-]{section.6.1}{\376\377\0006\000.\0001\000\040\000C\000:\000/\000U\000s\000e\000r\000s\000/\000m\000o\000l\000i\000v\000/\000O\000n\000e\000D\000r\000i\000v\000e\000/\000s\000o\000u\000r\000c\000e\000/\000r\000e\000p\000o\000s\000/\000B\000a\000s\000i\000c\000T\000r\000a\000c\000k\000e\000r\000/\000B\000a\000s\000i\000c\000T\000r\000a\000c\000k\000e\000r\000/\000A\000u\000d\000i\000o\000S\000u\000b\000s\000y\000s\000t\000e\000m\000.\000c\000s\000\040\000F\000i\000l\000e\000\040\000R\000e\000f\000e\000r\000e\000n\000c\000e}{chapter.6}% 115
\BOOKMARK [1][-]{section.6.2}{\376\377\0006\000.\0002\000\040\000C\000:\000/\000U\000s\000e\000r\000s\000/\000m\000o\000l\000i\000v\000/\000O\000n\000e\000D\000r\000i\000v\000e\000/\000s\000o\000u\000r\000c\000e\000/\000r\000e\000p\000o\000s\000/\000B\000a\000s\000i\000c\000T\000r\000a\000c\000k\000e\000r\000/\000B\000a\000s\000i\000c\000T\000r\000a\000c\000k\000e\000r\000/\000C\000l\000a\000s\000s\0001\000.\000c\000s\000\040\000F\000i\000l\000e\000\040\000R\000e\000f\000e\000r\000e\000n\000c\000e}{chapter.6}% 116
\BOOKMARK [1][-]{section.6.3}{\376\377\0006\000.\0003\000\040\000C\000:\000/\000U\000s\000e\000r\000s\000/\000m\000o\000l\000i\000v\000/\000O\000n\000e\000D\000r\000i\000v\000e\000/\000s\000o\000u\000r\000c\000e\000/\000r\000e\000p\000o\000s\000/\000B\000a\000s\000i\000c\000T\000r\000a\000c\000k\000e\000r\000/\000B\000a\000s\000i\000c\000T\000r\000a\000c\000k\000e\000r\000/\000o\000b\000j\000/\000D\000e\000b\000u\000g\000/\000T\000e\000m\000p\000o\000r\000a\000r\000y\000G\000e\000n\000e\000r\000a\000t\000e\000d\000F\000i\000l\000e\000\137\0000\0003\0006\000C\0000\000B\0005\000B\000-\0001\0004\0008\0001\000-\0004\0003\0002\0003\000-\0008\000D\0002\0000\000-\0008\000F\0005\000A\000D\000C\000B\0002\0003\000D\0009\0002\000.\000c\000s\000\040\000F\000i\000l\000e\000\040\000R\000e\000f\000e\000r\000e\000n\000c\000e}{chapter.6}% 117
\BOOKMARK [1][-]{section.6.4}{\376\377\0006\000.\0004\000\040\000C\000:\000/\000U\000s\000e\000r\000s\000/\000m\000o\000l\000i\000v\000/\000O\000n\000e\000D\000r\000i\000v\000e\000/\000s\000o\000u\000r\000c\000e\000/\000r\000e\000p\000o\000s\000/\000B\000a\000s\000i\000c\000T\000r\000a\000c\000k\000e\000r\000/\000B\000a\000s\000i\000c\000T\000r\000a\000c\000k\000e\000r\000/\000o\000b\000j\000/\000D\000e\000b\000u\000g\000/\000T\000e\000m\000p\000o\000r\000a\000r\000y\000G\000e\000n\000e\000r\000a\000t\000e\000d\000F\000i\000l\000e\000\137\0005\0009\0003\0007\000a\0006\0007\0000\000-\0000\000e\0006\0000\000-\0004\0000\0007\0007\000-\0008\0007\0007\000b\000-\000f\0007\0002\0002\0001\000d\000a\0003\000d\000d\000a\0001\000.\000c\000s\000\040\000F\000i\000l\000e\000\040\000R\000e\000f\000e\000r\000e\000n\000c\000e}{chapter.6}% 118
\BOOKMARK [1][-]{section.6.5}{\376\377\0006\000.\0005\000\040\000C\000:\000/\000U\000s\000e\000r\000s\000/\000m\000o\000l\000i\000v\000/\000O\000n\000e\000D\000r\000i\000v\000e\000/\000s\000o\000u\000r\000c\000e\000/\000r\000e\000p\000o\000s\000/\000B\000a\000s\000i\000c\000T\000r\000a\000c\000k\000e\000r\000/\000B\000a\000s\000i\000c\000T\000r\000a\000c\000k\000e\000r\000/\000o\000b\000j\000/\000D\000e\000b\000u\000g\000/\000T\000e\000m\000p\000o\000r\000a\000r\000y\000G\000e\000n\000e\000r\000a\000t\000e\000d\000F\000i\000l\000e\000\137\000E\0007\000A\0007\0001\000F\0007\0003\000-\0000\000F\0008\000D\000-\0004\000B\0009\000B\000-\000B\0005\0006\000E\000-\0008\000E\0007\0000\000B\0001\0000\000B\000C\0005\000D\0003\000.\000c\000s\000\040\000F\000i\000l\000e\000\040\000R\000e\000f\000e\000r\000e\000n\000c\000e}{chapter.6}% 119
\BOOKMARK [1][-]{section.6.6}{\376\377\0006\000.\0006\000\040\000C\000:\000/\000U\000s\000e\000r\000s\000/\000m\000o\000l\000i\000v\000/\000O\000n\000e\000D\000r\000i\000v\000e\000/\000s\000o\000u\000r\000c\000e\000/\000r\000e\000p\000o\000s\000/\000B\000a\000s\000i\000c\000T\000r\000a\000c\000k\000e\000r\000/\000B\000a\000s\000i\000c\000T\000r\000a\000c\000k\000e\000r\000/\000P\000r\000o\000g\000r\000a\000m\000.\000c\000s\000\040\000F\000i\000l\000e\000\040\000R\000e\000f\000e\000r\000e\000n\000c\000e}{chapter.6}% 120
\BOOKMARK [1][-]{section.6.7}{\376\377\0006\000.\0007\000\040\000C\000:\000/\000U\000s\000e\000r\000s\000/\000m\000o\000l\000i\000v\000/\000O\000n\000e\000D\000r\000i\000v\000e\000/\000s\000o\000u\000r\000c\000e\000/\000r\000e\000p\000o\000s\000/\000B\000a\000s\000i\000c\000T\000r\000a\000c\000k\000e\000r\000/\000B\000a\000s\000i\000c\000T\000r\000a\000c\000k\000e\000r\000/\000P\000r\000o\000p\000e\000r\000t\000i\000e\000s\000/\000A\000s\000s\000e\000m\000b\000l\000y\000I\000n\000f\000o\000.\000c\000s\000\040\000F\000i\000l\000e\000\040\000R\000e\000f\000e\000r\000e\000n\000c\000e}{chapter.6}% 121
\BOOKMARK [0][-]{section*.63}{\376\377\000I\000n\000d\000e\000x}{}% 122
